actionid: py37-ansible30
msg: envreport
cmdargs: '/opt/vector-role/.tox/py37-ansible30/bin/python -m pip freeze'

ansible==3.0.0
ansible-base==2.10.17
ansible-compat==1.0.0
ansible-lint==5.4.0
arrow==1.2.3
bcrypt==4.0.1
binaryornot==0.4.4
bracex==2.3.post1
cached-property==1.5.2
Cerberus==1.3.5
certifi==2023.7.22
cffi==1.15.1
chardet==5.2.0
charset-normalizer==3.3.1
click==8.1.7
click-help-colors==0.9.2
cookiecutter==2.4.0
cryptography==41.0.5
distro==1.8.0
docker==6.1.3
enrich==1.2.7
idna==3.4
importlib-metadata==6.7.0
Jinja2==3.1.2
jmespath==1.0.1
lxml==4.9.3
markdown-it-py==2.2.0
MarkupSafe==2.1.3
mdurl==0.1.2
molecule==3.5.2
molecule-docker==1.1.0
packaging==23.2
paramiko==2.12.0
pathspec==0.11.2
pluggy==1.2.0
pycparser==2.21
Pygments==2.16.1
PyNaCl==1.5.0
python-dateutil==2.8.2
python-slugify==8.0.1
PyYAML==5.4.1
requests==2.31.0
rich==13.6.0
ruamel.yaml==0.18.3
ruamel.yaml.clib==0.2.8
selinux==0.2.1
six==1.16.0
subprocess-tee==0.3.5
tenacity==8.2.3
text-unidecode==1.3
typing_extensions==4.7.1
urllib3==2.0.7
wcmatch==8.4.1
websocket-client==1.6.1
yamllint==1.32.0
zipp==3.15.0
