actionid: py37-ansible30
msg: getenv
cmdargs: "/opt/vector-role/.tox/py37-ansible30/bin/python -m pip install -rtox-requirements.txt 'ansible<3.1'"

Collecting ansible<3.1
  Downloading ansible-3.0.0.tar.gz (30.8 MB)
     ━━━━━━━━━━━━━━━━━━━━━━━━━━━━━━━━━━━━━━━━ 30.8/30.8 MB 6.1 MB/s eta 0:00:00
  Preparing metadata (setup.py): started
  Preparing metadata (setup.py): finished with status 'done'
Collecting selinux (from -r tox-requirements.txt (line 1))
  Using cached selinux-0.2.1-py2.py3-none-any.whl (4.3 kB)
Collecting ansible-lint==5.4.0 (from -r tox-requirements.txt (line 2))
  Using cached ansible_lint-5.4.0-py3-none-any.whl (119 kB)
Collecting yamllint==1.32.0 (from -r tox-requirements.txt (line 3))
  Using cached yamllint-1.32.0-py3-none-any.whl.metadata (4.2 kB)
Collecting lxml (from -r tox-requirements.txt (line 4))
  Using cached lxml-4.9.3-cp37-cp37m-manylinux_2_17_x86_64.manylinux2014_x86_64.manylinux_2_24_x86_64.whl.metadata (3.8 kB)
Collecting molecule==3.5.2 (from -r tox-requirements.txt (line 5))
  Using cached molecule-3.5.2-py3-none-any.whl (240 kB)
Collecting molecule_docker (from -r tox-requirements.txt (line 6))
  Using cached molecule_docker-1.1.0-py3-none-any.whl (16 kB)
Collecting jmespath (from -r tox-requirements.txt (line 7))
  Using cached jmespath-1.0.1-py3-none-any.whl (20 kB)
Collecting enrich>=1.2.6 (from ansible-lint==5.4.0->-r tox-requirements.txt (line 2))
  Using cached enrich-1.2.7-py3-none-any.whl (8.7 kB)
Collecting packaging (from ansible-lint==5.4.0->-r tox-requirements.txt (line 2))
  Using cached packaging-23.2-py3-none-any.whl.metadata (3.2 kB)
Collecting pyyaml (from ansible-lint==5.4.0->-r tox-requirements.txt (line 2))
  Using cached PyYAML-6.0.1-cp37-cp37m-manylinux_2_17_x86_64.manylinux2014_x86_64.whl.metadata (2.1 kB)
Collecting rich>=9.5.1 (from ansible-lint==5.4.0->-r tox-requirements.txt (line 2))
  Using cached rich-13.6.0-py3-none-any.whl.metadata (18 kB)
Collecting tenacity (from ansible-lint==5.4.0->-r tox-requirements.txt (line 2))
  Using cached tenacity-8.2.3-py3-none-any.whl.metadata (1.0 kB)
Collecting wcmatch>=7.0 (from ansible-lint==5.4.0->-r tox-requirements.txt (line 2))
  Using cached wcmatch-8.4.1-py3-none-any.whl (39 kB)
Collecting typing-extensions (from ansible-lint==5.4.0->-r tox-requirements.txt (line 2))
  Using cached typing_extensions-4.7.1-py3-none-any.whl.metadata (3.1 kB)
Collecting ruamel.yaml<1,>=0.15.37 (from ansible-lint==5.4.0->-r tox-requirements.txt (line 2))
  Using cached ruamel.yaml-0.18.3-py3-none-any.whl.metadata (22 kB)
Collecting pathspec>=0.5.3 (from yamllint==1.32.0->-r tox-requirements.txt (line 3))
  Using cached pathspec-0.11.2-py3-none-any.whl.metadata (19 kB)
Collecting ansible-compat>=0.5.0 (from molecule==3.5.2->-r tox-requirements.txt (line 5))
  Using cached ansible_compat-1.0.0-py3-none-any.whl (16 kB)
Collecting cerberus!=1.3.3,!=1.3.4,>=1.3.1 (from molecule==3.5.2->-r tox-requirements.txt (line 5))
  Using cached Cerberus-1.3.5-py3-none-any.whl.metadata (6.0 kB)
Collecting click<9,>=8.0 (from molecule==3.5.2->-r tox-requirements.txt (line 5))
  Using cached click-8.1.7-py3-none-any.whl.metadata (3.0 kB)
Collecting click-help-colors>=0.9 (from molecule==3.5.2->-r tox-requirements.txt (line 5))
  Using cached click_help_colors-0.9.2-py3-none-any.whl.metadata (4.2 kB)
Collecting cookiecutter>=1.7.3 (from molecule==3.5.2->-r tox-requirements.txt (line 5))
  Using cached cookiecutter-2.4.0-py3-none-any.whl.metadata (7.0 kB)
Collecting Jinja2>=2.11.3 (from molecule==3.5.2->-r tox-requirements.txt (line 5))
  Using cached Jinja2-3.1.2-py3-none-any.whl (133 kB)
Collecting paramiko<3,>=2.5.0 (from molecule==3.5.2->-r tox-requirements.txt (line 5))
  Using cached paramiko-2.12.0-py2.py3-none-any.whl (213 kB)
Collecting pluggy<2.0,>=0.7.1 (from molecule==3.5.2->-r tox-requirements.txt (line 5))
  Using cached pluggy-1.2.0-py3-none-any.whl.metadata (4.4 kB)
Collecting pyyaml (from ansible-lint==5.4.0->-r tox-requirements.txt (line 2))
  Using cached PyYAML-5.4.1-cp37-cp37m-manylinux1_x86_64.whl (636 kB)
Collecting subprocess-tee>=0.3.5 (from molecule==3.5.2->-r tox-requirements.txt (line 5))
  Using cached subprocess_tee-0.3.5-py3-none-any.whl (8.0 kB)
Collecting importlib-metadata (from molecule==3.5.2->-r tox-requirements.txt (line 5))
  Using cached importlib_metadata-6.7.0-py3-none-any.whl.metadata (4.9 kB)
Collecting ansible-base<2.11,>=2.10.5 (from ansible<3.1)
  Using cached ansible_base-2.10.17-py3-none-any.whl
Collecting distro>=1.3.0 (from selinux->-r tox-requirements.txt (line 1))
  Using cached distro-1.8.0-py3-none-any.whl (20 kB)
Requirement already satisfied: setuptools>=39.0 in ./.tox/py37-ansible30/lib/python3.7/site-packages (from selinux->-r tox-requirements.txt (line 1)) (68.0.0)
Collecting docker>=4.3.1 (from molecule_docker->-r tox-requirements.txt (line 6))
  Using cached docker-6.1.3-py3-none-any.whl.metadata (3.5 kB)
Collecting requests (from molecule_docker->-r tox-requirements.txt (line 6))
  Using cached requests-2.31.0-py3-none-any.whl.metadata (4.6 kB)
Collecting cryptography (from ansible-base<2.11,>=2.10.5->ansible<3.1)
  Using cached cryptography-41.0.5-cp37-abi3-manylinux_2_17_x86_64.manylinux2014_x86_64.whl.metadata (5.2 kB)
Collecting cached-property~=1.5 (from ansible-compat>=0.5.0->molecule==3.5.2->-r tox-requirements.txt (line 5))
  Using cached cached_property-1.5.2-py2.py3-none-any.whl (7.6 kB)
Collecting binaryornot>=0.4.4 (from cookiecutter>=1.7.3->molecule==3.5.2->-r tox-requirements.txt (line 5))
  Using cached binaryornot-0.4.4-py2.py3-none-any.whl (9.0 kB)
Collecting python-slugify>=4.0.0 (from cookiecutter>=1.7.3->molecule==3.5.2->-r tox-requirements.txt (line 5))
  Using cached python_slugify-8.0.1-py2.py3-none-any.whl (9.7 kB)
Collecting arrow (from cookiecutter>=1.7.3->molecule==3.5.2->-r tox-requirements.txt (line 5))
  Using cached arrow-1.2.3-py3-none-any.whl (66 kB)
Collecting urllib3>=1.26.0 (from docker>=4.3.1->molecule_docker->-r tox-requirements.txt (line 6))
  Using cached urllib3-2.0.7-py3-none-any.whl.metadata (6.6 kB)
Collecting websocket-client>=0.32.0 (from docker>=4.3.1->molecule_docker->-r tox-requirements.txt (line 6))
  Using cached websocket_client-1.6.1-py3-none-any.whl.metadata (7.6 kB)
Collecting MarkupSafe>=2.0 (from Jinja2>=2.11.3->molecule==3.5.2->-r tox-requirements.txt (line 5))
  Using cached MarkupSafe-2.1.3-cp37-cp37m-manylinux_2_17_x86_64.manylinux2014_x86_64.whl.metadata (3.0 kB)
Collecting bcrypt>=3.1.3 (from paramiko<3,>=2.5.0->molecule==3.5.2->-r tox-requirements.txt (line 5))
  Using cached bcrypt-4.0.1-cp36-abi3-manylinux_2_17_x86_64.manylinux2014_x86_64.whl (593 kB)
Collecting pynacl>=1.0.1 (from paramiko<3,>=2.5.0->molecule==3.5.2->-r tox-requirements.txt (line 5))
  Using cached PyNaCl-1.5.0-cp36-abi3-manylinux_2_17_x86_64.manylinux2014_x86_64.whl (1.1 MB)
Collecting six (from paramiko<3,>=2.5.0->molecule==3.5.2->-r tox-requirements.txt (line 5))
  Using cached six-1.16.0-py2.py3-none-any.whl (11 kB)
Collecting zipp>=0.5 (from importlib-metadata->molecule==3.5.2->-r tox-requirements.txt (line 5))
  Using cached zipp-3.15.0-py3-none-any.whl (6.8 kB)
Collecting charset-normalizer<4,>=2 (from requests->molecule_docker->-r tox-requirements.txt (line 6))
  Using cached charset_normalizer-3.3.1-cp37-cp37m-manylinux_2_17_x86_64.manylinux2014_x86_64.whl.metadata (33 kB)
Collecting idna<4,>=2.5 (from requests->molecule_docker->-r tox-requirements.txt (line 6))
  Using cached idna-3.4-py3-none-any.whl (61 kB)
Collecting certifi>=2017.4.17 (from requests->molecule_docker->-r tox-requirements.txt (line 6))
  Using cached certifi-2023.7.22-py3-none-any.whl.metadata (2.2 kB)
Collecting markdown-it-py>=2.2.0 (from rich>=9.5.1->ansible-lint==5.4.0->-r tox-requirements.txt (line 2))
  Using cached markdown_it_py-2.2.0-py3-none-any.whl (84 kB)
Collecting pygments<3.0.0,>=2.13.0 (from rich>=9.5.1->ansible-lint==5.4.0->-r tox-requirements.txt (line 2))
  Using cached Pygments-2.16.1-py3-none-any.whl.metadata (2.5 kB)
Collecting ruamel.yaml.clib>=0.2.7 (from ruamel.yaml<1,>=0.15.37->ansible-lint==5.4.0->-r tox-requirements.txt (line 2))
  Using cached ruamel.yaml.clib-0.2.8-cp37-cp37m-manylinux_2_5_x86_64.manylinux1_x86_64.whl.metadata (2.2 kB)
Collecting bracex>=2.1.1 (from wcmatch>=7.0->ansible-lint==5.4.0->-r tox-requirements.txt (line 2))
  Using cached bracex-2.3.post1-py3-none-any.whl (12 kB)
Collecting chardet>=3.0.2 (from binaryornot>=0.4.4->cookiecutter>=1.7.3->molecule==3.5.2->-r tox-requirements.txt (line 5))
  Using cached chardet-5.2.0-py3-none-any.whl.metadata (3.4 kB)
Collecting cffi>=1.12 (from cryptography->ansible-base<2.11,>=2.10.5->ansible<3.1)
  Using cached cffi-1.15.1-cp37-cp37m-manylinux_2_17_x86_64.manylinux2014_x86_64.whl (427 kB)
Collecting mdurl~=0.1 (from markdown-it-py>=2.2.0->rich>=9.5.1->ansible-lint==5.4.0->-r tox-requirements.txt (line 2))
  Using cached mdurl-0.1.2-py3-none-any.whl (10.0 kB)
Collecting text-unidecode>=1.3 (from python-slugify>=4.0.0->cookiecutter>=1.7.3->molecule==3.5.2->-r tox-requirements.txt (line 5))
  Using cached text_unidecode-1.3-py2.py3-none-any.whl (78 kB)
Collecting python-dateutil>=2.7.0 (from arrow->cookiecutter>=1.7.3->molecule==3.5.2->-r tox-requirements.txt (line 5))
  Using cached python_dateutil-2.8.2-py2.py3-none-any.whl (247 kB)
Collecting pycparser (from cffi>=1.12->cryptography->ansible-base<2.11,>=2.10.5->ansible<3.1)
  Using cached pycparser-2.21-py2.py3-none-any.whl (118 kB)
Using cached yamllint-1.32.0-py3-none-any.whl (65 kB)
Using cached lxml-4.9.3-cp37-cp37m-manylinux_2_17_x86_64.manylinux2014_x86_64.manylinux_2_24_x86_64.whl (6.5 MB)
Using cached Cerberus-1.3.5-py3-none-any.whl (30 kB)
Using cached click-8.1.7-py3-none-any.whl (97 kB)
Using cached click_help_colors-0.9.2-py3-none-any.whl (5.5 kB)
Using cached cookiecutter-2.4.0-py3-none-any.whl (38 kB)
Using cached docker-6.1.3-py3-none-any.whl (148 kB)
Using cached packaging-23.2-py3-none-any.whl (53 kB)
Using cached pathspec-0.11.2-py3-none-any.whl (29 kB)
Using cached pluggy-1.2.0-py3-none-any.whl (17 kB)
Using cached importlib_metadata-6.7.0-py3-none-any.whl (22 kB)
Using cached requests-2.31.0-py3-none-any.whl (62 kB)
Using cached rich-13.6.0-py3-none-any.whl (239 kB)
Using cached ruamel.yaml-0.18.3-py3-none-any.whl (114 kB)
Using cached typing_extensions-4.7.1-py3-none-any.whl (33 kB)
Using cached tenacity-8.2.3-py3-none-any.whl (24 kB)
Using cached certifi-2023.7.22-py3-none-any.whl (158 kB)
Using cached charset_normalizer-3.3.1-cp37-cp37m-manylinux_2_17_x86_64.manylinux2014_x86_64.whl (134 kB)
Using cached cryptography-41.0.5-cp37-abi3-manylinux_2_17_x86_64.manylinux2014_x86_64.whl (4.4 MB)
Using cached MarkupSafe-2.1.3-cp37-cp37m-manylinux_2_17_x86_64.manylinux2014_x86_64.whl (25 kB)
Using cached Pygments-2.16.1-py3-none-any.whl (1.2 MB)
Using cached ruamel.yaml.clib-0.2.8-cp37-cp37m-manylinux_2_5_x86_64.manylinux1_x86_64.whl (551 kB)
Using cached urllib3-2.0.7-py3-none-any.whl (124 kB)
Using cached websocket_client-1.6.1-py3-none-any.whl (56 kB)
Using cached chardet-5.2.0-py3-none-any.whl (199 kB)
Building wheels for collected packages: ansible
  Building wheel for ansible (setup.py): started
  Building wheel for ansible (setup.py): finished with status 'done'
  Created wheel for ansible: filename=ansible-3.0.0-py3-none-any.whl size=51827961 sha256=9509bcda179e2a809940abf53414c088b1cfb05912a7e211e26ba3d4af1e92f6
  Stored in directory: /root/.cache/pip/wheels/43/a3/49/f59fc2433fa178063b5ebbcf716d84ca0f09910c930124d2e8
Successfully built ansible
Installing collected packages: text-unidecode, cached-property, zipp, websocket-client, urllib3, typing-extensions, tenacity, subprocess-tee, six, ruamel.yaml.clib, pyyaml, python-slugify, pygments, pycparser, pathspec, packaging, mdurl, MarkupSafe, lxml, jmespath, idna, distro, charset-normalizer, chardet, certifi, bracex, bcrypt, yamllint, wcmatch, selinux, ruamel.yaml, requests, python-dateutil, markdown-it-py, Jinja2, importlib-metadata, cffi, binaryornot, ansible-compat, rich, pynacl, pluggy, docker, cryptography, click, cerberus, arrow, paramiko, enrich, cookiecutter, click-help-colors, ansible-base, molecule, ansible-lint, ansible, molecule_docker
Successfully installed Jinja2-3.1.2 MarkupSafe-2.1.3 ansible-3.0.0 ansible-base-2.10.17 ansible-compat-1.0.0 ansible-lint-5.4.0 arrow-1.2.3 bcrypt-4.0.1 binaryornot-0.4.4 bracex-2.3.post1 cached-property-1.5.2 cerberus-1.3.5 certifi-2023.7.22 cffi-1.15.1 chardet-5.2.0 charset-normalizer-3.3.1 click-8.1.7 click-help-colors-0.9.2 cookiecutter-2.4.0 cryptography-41.0.5 distro-1.8.0 docker-6.1.3 enrich-1.2.7 idna-3.4 importlib-metadata-6.7.0 jmespath-1.0.1 lxml-4.9.3 markdown-it-py-2.2.0 mdurl-0.1.2 molecule-3.5.2 molecule_docker-1.1.0 packaging-23.2 paramiko-2.12.0 pathspec-0.11.2 pluggy-1.2.0 pycparser-2.21 pygments-2.16.1 pynacl-1.5.0 python-dateutil-2.8.2 python-slugify-8.0.1 pyyaml-5.4.1 requests-2.31.0 rich-13.6.0 ruamel.yaml-0.18.3 ruamel.yaml.clib-0.2.8 selinux-0.2.1 six-1.16.0 subprocess-tee-0.3.5 tenacity-8.2.3 text-unidecode-1.3 typing-extensions-4.7.1 urllib3-2.0.7 wcmatch-8.4.1 websocket-client-1.6.1 yamllint-1.32.0 zipp-3.15.0
